TN:
SF:C:\Users\flavi\OneDrive\jscodes\nodejstest2\backend\src\models\RestaurantLocationModel.js
FN:9,(anonymous_0)
FN:17,(anonymous_1)
FN:28,(anonymous_2)
FN:46,(anonymous_3)
FN:58,(anonymous_4)
FN:80,(anonymous_5)
FN:114,(anonymous_6)
FN:146,(anonymous_7)
FN:171,(anonymous_8)
FN:194,(anonymous_9)
FN:247,(anonymous_10)
FN:273,(anonymous_11)
FN:295,(anonymous_12)
FN:311,(anonymous_13)
FN:349,(anonymous_14)
FN:386,(anonymous_15)
FN:398,(anonymous_16)
FN:415,(anonymous_17)
FN:430,(anonymous_18)
FNF:19
FNH:16
FNDA:1,(anonymous_0)
FNDA:12,(anonymous_1)
FNDA:10,(anonymous_2)
FNDA:4,(anonymous_3)
FNDA:25,(anonymous_4)
FNDA:10,(anonymous_5)
FNDA:11,(anonymous_6)
FNDA:6,(anonymous_7)
FNDA:15,(anonymous_8)
FNDA:7,(anonymous_9)
FNDA:3,(anonymous_10)
FNDA:0,(anonymous_11)
FNDA:2,(anonymous_12)
FNDA:4,(anonymous_13)
FNDA:4,(anonymous_14)
FNDA:0,(anonymous_15)
FNDA:0,(anonymous_16)
FNDA:1,(anonymous_17)
FNDA:3,(anonymous_18)
DA:1,1
DA:2,1
DA:10,1
DA:11,1
DA:18,12
DA:29,10
DA:31,10
DA:32,6
DA:35,4
DA:47,4
DA:48,4
DA:49,1
DA:51,3
DA:59,25
DA:65,25
DA:81,10
DA:115,11
DA:148,6
DA:151,5
DA:152,5
DA:153,1
DA:157,4
DA:161,4
DA:162,1
DA:166,3
DA:167,1
DA:170,3
DA:171,15
DA:172,3
DA:175,3
DA:176,3
DA:178,3
DA:184,3
DA:185,2
DA:196,7
DA:198,6
DA:199,1
DA:203,5
DA:204,5
DA:205,1
DA:209,4
DA:210,1
DA:214,1
DA:215,1
DA:220,3
DA:221,1
DA:225,3
DA:226,1
DA:229,3
DA:230,2
DA:237,2
DA:238,2
DA:249,3
DA:250,1
DA:253,2
DA:254,2
DA:256,2
DA:257,1
DA:260,2
DA:264,2
DA:275,0
DA:276,0
DA:279,0
DA:281,0
DA:286,0
DA:287,0
DA:296,2
DA:302,2
DA:303,2
DA:312,4
DA:313,4
DA:314,1
DA:318,3
DA:320,3
DA:322,3
DA:329,3
DA:336,3
DA:337,3
DA:339,0
DA:340,0
DA:350,4
DA:351,4
DA:352,1
DA:356,3
DA:359,3
DA:360,1
DA:364,2
DA:365,1
DA:371,1
DA:372,1
DA:376,2
DA:377,2
DA:387,0
DA:388,0
DA:389,0
DA:399,0
DA:400,0
DA:402,0
DA:403,0
DA:404,0
DA:407,0
DA:416,1
DA:426,1
DA:427,1
DA:430,1
DA:431,3
DA:434,1
DA:438,1
LF:108
LH:91
BRDA:31,0,0,6
BRDA:31,0,1,4
BRDA:152,1,0,1
BRDA:152,1,1,4
BRDA:161,2,0,1
BRDA:161,2,1,3
BRDA:166,3,0,1
BRDA:166,3,1,2
BRDA:198,4,0,1
BRDA:198,4,1,5
BRDA:204,5,0,1
BRDA:204,5,1,4
BRDA:209,6,0,1
BRDA:209,6,1,3
BRDA:214,7,0,1
BRDA:214,7,1,0
BRDA:214,8,0,1
BRDA:214,8,1,1
BRDA:220,9,0,1
BRDA:220,9,1,2
BRDA:225,10,0,1
BRDA:225,10,1,2
BRDA:238,11,0,2
BRDA:238,11,1,0
BRDA:247,12,0,2
BRDA:249,13,0,1
BRDA:249,13,1,2
BRDA:256,14,0,1
BRDA:256,14,1,1
BRDA:275,15,0,0
BRDA:275,15,1,0
BRDA:287,16,0,0
BRDA:287,16,1,0
BRDA:303,17,0,1
BRDA:303,17,1,1
BRDA:313,18,0,1
BRDA:313,18,1,3
BRDA:351,19,0,1
BRDA:351,19,1,3
BRDA:359,20,0,1
BRDA:359,20,1,2
BRDA:364,21,0,1
BRDA:364,21,1,1
BRDA:371,22,0,1
BRDA:371,22,1,0
BRDA:398,23,0,0
BRDA:402,24,0,0
BRDA:402,24,1,0
BRF:48
BRH:38
end_of_record
