TN:
SF:C:\Users\flavi\OneDrive\jscodes\nodejstest2\backend\src\models\RestaurantLocationModel.js
FN:10,(anonymous_0)
FN:19,(anonymous_1)
FN:30,(anonymous_2)
FN:55,(anonymous_3)
FN:67,(anonymous_4)
FN:89,(anonymous_5)
FN:123,(anonymous_6)
FN:155,(anonymous_7)
FN:208,(anonymous_8)
FN:253,(anonymous_9)
FN:354,(anonymous_10)
FN:405,(anonymous_11)
FN:455,(anonymous_12)
FN:471,(anonymous_13)
FN:541,(anonymous_14)
FN:627,(anonymous_15)
FN:639,(anonymous_16)
FN:656,(anonymous_17)
FN:674,(anonymous_18)
FN:699,(anonymous_19)
FN:759,(anonymous_20)
FN:842,(anonymous_21)
FNF:22
FNH:18
FNDA:1,(anonymous_0)
FNDA:12,(anonymous_1)
FNDA:10,(anonymous_2)
FNDA:4,(anonymous_3)
FNDA:40,(anonymous_4)
FNDA:16,(anonymous_5)
FNDA:17,(anonymous_6)
FNDA:6,(anonymous_7)
FNDA:15,(anonymous_8)
FNDA:9,(anonymous_9)
FNDA:3,(anonymous_10)
FNDA:0,(anonymous_11)
FNDA:2,(anonymous_12)
FNDA:3,(anonymous_13)
FNDA:6,(anonymous_14)
FNDA:0,(anonymous_15)
FNDA:1,(anonymous_16)
FNDA:3,(anonymous_17)
FNDA:7,(anonymous_18)
FNDA:6,(anonymous_19)
FNDA:0,(anonymous_20)
FNDA:0,(anonymous_21)
DA:1,1
DA:2,1
DA:3,1
DA:11,1
DA:12,1
DA:13,1
DA:20,12
DA:31,10
DA:33,10
DA:35,10
DA:36,6
DA:40,6
DA:43,4
DA:44,4
DA:56,4
DA:57,4
DA:58,1
DA:60,3
DA:68,40
DA:74,40
DA:90,16
DA:124,17
DA:156,6
DA:163,6
DA:165,6
DA:166,5
DA:172,5
DA:173,5
DA:174,5
DA:175,1
DA:178,1
DA:182,4
DA:186,4
DA:190,4
DA:191,1
DA:196,1
DA:200,3
DA:201,1
DA:204,1
DA:207,3
DA:208,15
DA:209,3
DA:212,3
DA:213,3
DA:215,3
DA:221,3
DA:226,3
DA:228,2
DA:235,2
DA:237,4
DA:243,4
DA:254,9
DA:259,9
DA:261,9
DA:263,8
DA:264,2
DA:265,2
DA:269,6
DA:270,6
DA:271,6
DA:272,1
DA:273,1
DA:277,5
DA:278,1
DA:283,1
DA:287,1
DA:288,1
DA:293,1
DA:298,4
DA:299,1
DA:303,1
DA:307,4
DA:308,1
DA:309,1
DA:312,4
DA:313,4
DA:320,4
DA:325,4
DA:327,4
DA:328,3
DA:334,1
DA:337,4
DA:339,5
DA:344,5
DA:355,3
DA:360,3
DA:362,3
DA:363,1
DA:366,1
DA:369,2
DA:370,2
DA:372,2
DA:373,1
DA:374,1
DA:377,2
DA:381,2
DA:383,2
DA:388,2
DA:390,1
DA:395,1
DA:406,0
DA:411,0
DA:413,0
DA:414,0
DA:418,0
DA:421,0
DA:423,0
DA:428,0
DA:429,0
DA:431,0
DA:438,0
DA:440,0
DA:446,0
DA:456,2
DA:462,2
DA:463,2
DA:472,3
DA:474,3
DA:475,3
DA:476,3
DA:477,1
DA:478,1
DA:482,2
DA:486,2
DA:488,2
DA:490,2
DA:494,2
DA:501,1
DA:502,1
DA:509,1
DA:511,1
DA:516,1
DA:518,1
DA:523,1
DA:524,1
DA:527,2
DA:532,2
DA:542,6
DA:544,6
DA:545,6
DA:546,6
DA:547,1
DA:548,1
DA:551,5
DA:559,5
DA:560,5
DA:566,5
DA:567,1
DA:571,1
DA:575,4
DA:576,2
DA:581,2
DA:587,2
DA:588,2
DA:593,2
DA:597,4
DA:598,4
DA:600,4
DA:601,3
DA:607,1
DA:610,4
DA:612,2
DA:617,2
DA:628,0
DA:629,0
DA:630,0
DA:640,1
DA:641,1
DA:643,1
DA:644,1
DA:645,1
DA:648,1
DA:657,3
DA:659,3
DA:660,3
DA:670,3
DA:671,2
DA:674,2
DA:675,7
DA:678,2
DA:683,2
DA:685,1
DA:690,1
DA:700,6
DA:702,6
DA:703,6
DA:704,3
DA:705,3
DA:713,3
DA:715,2
DA:716,1
DA:717,1
DA:725,1
DA:731,1
DA:738,1
DA:744,1
DA:760,0
DA:765,0
DA:766,0
DA:767,0
DA:771,0
DA:779,0
DA:780,0
DA:784,0
DA:792,0
DA:794,0
DA:795,0
DA:799,0
DA:807,0
DA:813,0
DA:820,0
DA:827,0
DA:843,0
DA:848,0
DA:849,0
DA:851,0
DA:852,0
DA:853,0
DA:862,0
DA:863,0
DA:868,0
DA:876,0
DA:881,0
DA:888,0
DA:894,0
DA:904,1
LF:226
LH:181
BRDA:31,0,0,6
BRDA:31,0,1,4
BRDA:35,1,0,6
BRDA:35,1,1,4
BRDA:37,2,0,2
BRDA:37,2,1,4
BRDA:174,3,0,1
BRDA:174,3,1,4
BRDA:190,4,0,1
BRDA:190,4,1,3
BRDA:200,5,0,1
BRDA:200,5,1,2
BRDA:263,6,0,2
BRDA:263,6,1,6
BRDA:271,7,0,1
BRDA:271,7,1,5
BRDA:277,8,0,1
BRDA:277,8,1,4
BRDA:287,9,0,1
BRDA:287,9,1,0
BRDA:287,10,0,1
BRDA:287,10,1,1
BRDA:298,11,0,1
BRDA:298,11,1,3
BRDA:307,12,0,1
BRDA:307,12,1,3
BRDA:327,13,0,3
BRDA:327,13,1,1
BRDA:337,14,0,4
BRDA:337,14,1,1
BRDA:354,15,0,2
BRDA:362,16,0,1
BRDA:362,16,1,2
BRDA:372,17,0,1
BRDA:372,17,1,1
BRDA:413,18,0,0
BRDA:413,18,1,0
BRDA:429,19,0,0
BRDA:429,19,1,0
BRDA:463,20,0,1
BRDA:463,20,1,1
BRDA:476,21,0,1
BRDA:476,21,1,2
BRDA:546,22,0,1
BRDA:546,22,1,5
BRDA:566,23,0,1
BRDA:566,23,1,4
BRDA:575,24,0,2
BRDA:575,24,1,2
BRDA:587,25,0,2
BRDA:587,25,1,0
BRDA:600,26,0,3
BRDA:600,26,1,1
BRDA:639,27,0,0
BRDA:643,28,0,1
BRDA:643,28,1,0
BRDA:703,29,0,3
BRDA:703,29,1,3
BRDA:703,30,0,6
BRDA:703,30,1,4
BRDA:703,30,2,1
BRDA:715,31,0,1
BRDA:715,31,1,1
BRDA:766,32,0,0
BRDA:766,32,1,0
BRDA:766,33,0,0
BRDA:766,33,1,0
BRDA:779,34,0,0
BRDA:779,34,1,0
BRDA:794,35,0,0
BRDA:794,35,1,0
BRDA:842,36,0,0
BRDA:851,37,0,0
BRDA:851,37,1,0
BRDA:862,38,0,0
BRDA:862,38,1,0
BRDA:862,39,0,0
BRDA:862,39,1,0
BRF:78
BRH:55
end_of_record
